<?xml version="1.0" encoding="UTF-8"?>
<!-- Generated by org.testng.reporters.JUnitReportReporter -->
<testsuite hostname="DESKTOP-3PM2OQL" failures="0" tests="2" name="assets.Entities" time="12.413" errors="0" timestamp="2022-05-24T15:45:46 EAT" skipped="0">
  <testcase classname="assets.Entities" name="filterTransportersByAccountMgr" time="8.690"/>
  <system-out/>
  <testcase classname="assets.Entities" name="filterTransportersByAccountMgr" time="3.723"/>
  <system-out/>
</testsuite> <!-- assets.Entities -->
