<?xml version="1.0" encoding="UTF-8"?>
<!-- Generated by org.testng.reporters.JUnitReportReporter -->
<testsuite hostname="DESKTOP-3PM2OQL" failures="0" tests="12" name="assets.AssetService" time="24.845" errors="0" timestamp="2022-05-23T12:26:19 EAT" skipped="0">
  <testcase classname="assets.AssetService" name="filterTrailersByCountry" time="3.365"/>
  <system-out/>
  <testcase classname="assets.AssetService" name="filterTrailersByCountry" time="1.571"/>
  <system-out/>
  <testcase classname="assets.AssetService" name="filterTrailersBySerial" time="1.449"/>
  <system-out/>
  <testcase classname="assets.AssetService" name="filterTrucksBySerial" time="1.431"/>
  <system-out/>
  <testcase classname="assets.AssetService" name="filterDriversBySerial" time="1.806"/>
  <system-out/>
  <testcase classname="assets.AssetService" name="filterDriversByCountry" time="3.479"/>
  <system-out/>
  <testcase classname="assets.AssetService" name="filterTrucksByCountry" time="3.498"/>
  <system-out/>
  <testcase classname="assets.AssetService" name="filterDriversBySerial" time="2.324"/>
  <system-out/>
  <testcase classname="assets.AssetService" name="filterTrucksByCountry" time="2.165"/>
  <system-out/>
  <testcase classname="assets.AssetService" name="filterDriversByCountry" time="1.596"/>
  <system-out/>
  <testcase classname="assets.AssetService" name="filterTrailersBySerial" time="1.394"/>
  <system-out/>
  <testcase classname="assets.AssetService" name="filterTrucksBySerial" time="0.767"/>
  <system-out/>
</testsuite> <!-- assets.AssetService -->
